<?xml version="1.0" encoding="UTF-8"?>
<testng-results ignored="0" total="2" passed="2" failed="0" skipped="0">
  <reporter-output>
  </reporter-output>
  <suite started-at="2021-04-27T17:39:11 IST" name="Default suite" finished-at="2021-04-27T17:39:11 IST" duration-ms="211">
    <groups>
    </groups>
    <test started-at="2021-04-27T17:39:11 IST" name="Default test" finished-at="2021-04-27T17:39:11 IST" duration-ms="211">
      <class name="qaclickacademy.RestAPITest">
        <test-method signature="PostJira()[pri:0, instance:qaclickacademy.RestAPITest@1d082e88]" started-at="2021-04-27T17:39:11 IST" name="PostJira" finished-at="2021-04-27T17:39:11 IST" duration-ms="41" status="PASS">
          <reporter-output>
          </reporter-output>
        </test-method> <!-- PostJira -->
        <test-method signature="deleteTwitter()[pri:0, instance:qaclickacademy.RestAPITest@1d082e88]" started-at="2021-04-27T17:39:11 IST" name="deleteTwitter" finished-at="2021-04-27T17:39:11 IST" duration-ms="6" status="PASS">
          <reporter-output>
          </reporter-output>
        </test-method> <!-- deleteTwitter -->
      </class> <!-- qaclickacademy.RestAPITest -->
    </test> <!-- Default test -->
  </suite> <!-- Default suite -->
</testng-results>
